<?xml version="1.0" encoding="UTF-8"?>
<testsuites name="jest tests" tests="7" failures="0" errors="0" time="6.986">
  <testsuite name="FormFieldsComponent" errors="0" failures="0" skipped="0" timestamp="2023-09-08T10:34:22" time="5.389" tests="2">
    <testcase classname="FormFieldsComponent renders correctly with provided props" name="FormFieldsComponent renders correctly with provided props" time="0.451">
    </testcase>
    <testcase classname="FormFieldsComponent calls handleChange when input value changes" name="FormFieldsComponent calls handleChange when input value changes" time="0.011">
    </testcase>
  </testsuite>
  <testsuite name="SignUpScreen" errors="0" failures="0" skipped="0" timestamp="2023-09-08T10:34:22" time="5.654" tests="1">
    <testcase classname="SignUpScreen renders correctly" name="SignUpScreen renders correctly" time="0.611">
    </testcase>
  </testsuite>
  <testsuite name="LogoComponent" errors="0" failures="0" skipped="0" timestamp="2023-09-08T10:34:22" time="5.869" tests="2">
    <testcase classname="LogoComponent renders correctly with provided props" name="LogoComponent renders correctly with provided props" time="0.923">
    </testcase>
    <testcase classname="LogoComponent matches the snapshot" name="LogoComponent matches the snapshot" time="0.006">
    </testcase>
  </testsuite>
  <testsuite name="ButtonComponent" errors="0" failures="0" skipped="0" timestamp="2023-09-08T10:34:22" time="5.844" tests="2">
    <testcase classname="ButtonComponent renders with correct props and styles" name="ButtonComponent renders with correct props and styles" time="0.843">
    </testcase>
    <testcase classname="ButtonComponent calls onPress handler when pressed" name="ButtonComponent calls onPress handler when pressed" time="0.158">
    </testcase>
  </testsuite>
</testsuites>